<?xml version="1.0" encoding="UTF-8"?>
<testng-results skipped="0" failed="0" total="1" passed="1">
  <reporter-output>
  </reporter-output>
  <suite name="AmitaTest" duration-ms="13812" started-at="2023-05-17T21:28:19Z" finished-at="2023-05-17T21:28:33Z">
    <groups>
    </groups>
    <test name="Command line test" duration-ms="13812" started-at="2023-05-17T21:28:19Z" finished-at="2023-05-17T21:28:33Z">
      <class name="AmitaTest">
        <test-method status="PASS" signature="setUpClass()[pri:0, instance:AmitaTest@6e8dacdf]" name="setUpClass" is-config="true" duration-ms="14" started-at="2023-05-17T16:28:19Z" finished-at="2023-05-17T16:28:19Z">
          <reporter-output>
          </reporter-output>
        </test-method> <!-- setUpClass -->
        <test-method status="PASS" signature="setUpMethod()[pri:0, instance:AmitaTest@6e8dacdf]" name="setUpMethod" is-config="true" duration-ms="4615" started-at="2023-05-17T16:28:19Z" finished-at="2023-05-17T16:28:23Z">
          <reporter-output>
          </reporter-output>
        </test-method> <!-- setUpMethod -->
        <test-method status="PASS" signature="amita()[pri:0, instance:AmitaTest@6e8dacdf]" name="amita" duration-ms="9167" started-at="2023-05-17T16:28:23Z" finished-at="2023-05-17T16:28:33Z">
          <reporter-output>
          </reporter-output>
        </test-method> <!-- amita -->
        <test-method status="PASS" signature="tearDownMethod()[pri:0, instance:AmitaTest@6e8dacdf]" name="tearDownMethod" is-config="true" duration-ms="0" started-at="2023-05-17T16:28:33Z" finished-at="2023-05-17T16:28:33Z">
          <reporter-output>
          </reporter-output>
        </test-method> <!-- tearDownMethod -->
        <test-method status="PASS" signature="tearDownClass()[pri:0, instance:AmitaTest@6e8dacdf]" name="tearDownClass" is-config="true" duration-ms="0" started-at="2023-05-17T16:28:33Z" finished-at="2023-05-17T16:28:33Z">
          <reporter-output>
          </reporter-output>
        </test-method> <!-- tearDownClass -->
      </class> <!-- AmitaTest -->
    </test> <!-- Command line test -->
  </suite> <!-- AmitaTest -->
</testng-results>
